1556525227816:gen help
1556525239491:gen tyb_resume
1557216654398:gen iep_hr_job
1557217022347:gen iep_hr_job -a He Zeng
1557219552756:gen iep_hr_job
1558505416661:gen iep_project_budget_detail
1558505613977:gen gov_tag
1558619921006:gen dd
1558687963136:gen iep_client_relation
1564322132495:gov_tag
1564322189535:gen gov_tag
1564323171201:gen classpath:/mapper/*Mapper.xml
1564323359272:gen gov_tag
1564362508418:gov_tag
1564362519118:gen gov_tag
1564379708006:gen dna_answer
1564380309750:gen
1564380368997:gen -t dna_answer
1564380388330:-t
1564380407196:gen -dna_answer
1564380511333:gen dna_answer
1564380646637:gen   global-config:
1564380675961:gen dna_answer
1564380729013:gen
1564380739815:gen dna_answer
1565845142354:gen iep_hr_splendor_target
1565879111141:gen dna_answer
1575509579965:gen dna_option
1575514801493:gen dna_answer
1575516700764:gen dna_option
1575517123941:gen dna_answer
1575517402678:gen iep_common_thoughts
1575525830902:gen iep_common_propose
1575526201587:gen iep_common_thoughts
1575529682160:gen iep_common_propose
1578447325775:help
1578447342611:gen project_budget_relation
1578447358782:show
1578447518268:gen project_budget_relation
1578880344326:gen project_user_type
1581582608604:hepl
1581582635721:show
1581582648382:gen product_margin_record
1582185362761:gen project_number_config
1587519604266:show
1587519618055:gen product_search_log
1595494979262:gen block_chain_flow
